<?xml version="1.0" encoding="UTF-8"?>
<coverage generated="1764132168469" clover="3.2.0">
  <project timestamp="1764132168469" name="All files">
    <metrics statements="89" coveredstatements="57" conditionals="41" coveredconditionals="14" methods="21" coveredmethods="16" elements="151" coveredelements="87" complexity="0" loc="89" ncloc="89" packages="3" files="15" classes="15"/>
    <package name="src">
      <metrics statements="44" coveredstatements="30" conditionals="24" coveredconditionals="11" methods="8" coveredmethods="6"/>
      <file name="App.tsx" path="/Users/robelmelaku/Desktop/OUS-Senior-Project/frontend/app/src/App.tsx">
        <metrics statements="28" coveredstatements="28" conditionals="18" coveredconditionals="11" methods="6" coveredmethods="6"/>
        <line num="14" count="1" type="stmt"/>
        <line num="15" count="6" type="stmt"/>
        <line num="16" count="6" type="stmt"/>
        <line num="17" count="6" type="stmt"/>
        <line num="18" count="6" type="stmt"/>
        <line num="20" count="6" type="stmt"/>
        <line num="21" count="2" type="stmt"/>
        <line num="31" count="6" type="stmt"/>
        <line num="32" count="2" type="stmt"/>
        <line num="34" count="2" type="stmt"/>
        <line num="35" count="2" type="stmt"/>
        <line num="36" count="2" type="stmt"/>
        <line num="38" count="2" type="stmt"/>
        <line num="39" count="2" type="stmt"/>
        <line num="41" count="1" type="cond" truecount="1" falsecount="1"/>
        <line num="43" count="1" type="cond" truecount="1" falsecount="1"/>
        <line num="44" count="1" type="cond" truecount="1" falsecount="1"/>
        <line num="45" count="1" type="stmt"/>
        <line num="47" count="1" type="cond" truecount="1" falsecount="1"/>
        <line num="49" count="1" type="stmt"/>
        <line num="50" count="1" type="stmt"/>
        <line num="55" count="1" type="stmt"/>
        <line num="56" count="1" type="stmt"/>
        <line num="60" count="2" type="stmt"/>
        <line num="62" count="2" type="stmt"/>
        <line num="63" count="2" type="stmt"/>
        <line num="67" count="6" type="stmt"/>
        <line num="92" count="27" type="stmt"/>
      </file>
      <file name="constants.ts" path="/Users/robelmelaku/Desktop/OUS-Senior-Project/frontend/app/src/constants.ts">
        <metrics statements="2" coveredstatements="2" conditionals="0" coveredconditionals="0" methods="0" coveredmethods="0"/>
        <line num="3" count="1" type="stmt"/>
        <line num="11" count="1" type="stmt"/>
      </file>
      <file name="index.tsx" path="/Users/robelmelaku/Desktop/OUS-Senior-Project/frontend/app/src/index.tsx">
        <metrics statements="6" coveredstatements="0" conditionals="2" coveredconditionals="0" methods="0" coveredmethods="0"/>
        <line num="7" count="0" type="stmt"/>
        <line num="9" count="0" type="cond" truecount="0" falsecount="2"/>
        <line num="10" count="0" type="stmt"/>
        <line num="13" count="0" type="stmt"/>
        <line num="14" count="0" type="stmt"/>
        <line num="23" count="0" type="stmt"/>
      </file>
      <file name="reportWebVitals.ts" path="/Users/robelmelaku/Desktop/OUS-Senior-Project/frontend/app/src/reportWebVitals.ts">
        <metrics statements="8" coveredstatements="0" conditionals="4" coveredconditionals="0" methods="2" coveredmethods="0"/>
        <line num="3" count="0" type="stmt"/>
        <line num="4" count="0" type="cond" truecount="0" falsecount="4"/>
        <line num="5" count="0" type="stmt"/>
        <line num="6" count="0" type="stmt"/>
        <line num="7" count="0" type="stmt"/>
        <line num="8" count="0" type="stmt"/>
        <line num="9" count="0" type="stmt"/>
        <line num="10" count="0" type="stmt"/>
      </file>
      <file name="types.ts" path="/Users/robelmelaku/Desktop/OUS-Senior-Project/frontend/app/src/types.ts">
        <metrics statements="0" coveredstatements="0" conditionals="0" coveredconditionals="0" methods="0" coveredmethods="0"/>
      </file>
    </package>
    <package name="src.api">
      <metrics statements="11" coveredstatements="4" conditionals="8" coveredconditionals="2" methods="1" coveredmethods="0"/>
      <file name="client.ts" path="/Users/robelmelaku/Desktop/OUS-Senior-Project/frontend/app/src/api/client.ts">
        <metrics statements="4" coveredstatements="3" conditionals="4" coveredconditionals="2" methods="0" coveredmethods="0"/>
        <line num="3" count="1" type="stmt"/>
        <line num="5" count="1" type="cond" truecount="1" falsecount="1"/>
        <line num="9" count="0" type="stmt"/>
        <line num="14" count="1" type="stmt"/>
      </file>
      <file name="items.ts" path="/Users/robelmelaku/Desktop/OUS-Senior-Project/frontend/app/src/api/items.ts">
        <metrics statements="7" coveredstatements="1" conditionals="4" coveredconditionals="0" methods="1" coveredmethods="0"/>
        <line num="4" count="1" type="stmt"/>
        <line num="5" count="0" type="cond" truecount="0" falsecount="2"/>
        <line num="6" count="0" type="stmt"/>
        <line num="11" count="0" type="stmt"/>
        <line num="13" count="0" type="cond" truecount="0" falsecount="2"/>
        <line num="14" count="0" type="stmt"/>
        <line num="17" count="0" type="stmt"/>
      </file>
    </package>
    <package name="src.components">
      <metrics statements="34" coveredstatements="23" conditionals="9" coveredconditionals="1" methods="12" coveredmethods="10"/>
      <file name="CreditsBarChart.tsx" path="/Users/robelmelaku/Desktop/OUS-Senior-Project/frontend/app/src/components/CreditsBarChart.tsx">
        <metrics statements="2" coveredstatements="2" conditionals="0" coveredconditionals="0" methods="1" coveredmethods="1"/>
        <line num="18" count="1" type="stmt"/>
        <line num="19" count="6" type="stmt"/>
      </file>
      <file name="ExportButton.tsx" path="/Users/robelmelaku/Desktop/OUS-Senior-Project/frontend/app/src/components/ExportButton.tsx">
        <metrics statements="3" coveredstatements="2" conditionals="0" coveredconditionals="0" methods="2" coveredmethods="1"/>
        <line num="4" count="1" type="stmt"/>
        <line num="5" count="6" type="stmt"/>
        <line num="10" count="0" type="stmt"/>
      </file>
      <file name="FileUploadPanel.tsx" path="/Users/robelmelaku/Desktop/OUS-Senior-Project/frontend/app/src/components/FileUploadPanel.tsx">
        <metrics statements="18" coveredstatements="8" conditionals="9" coveredconditionals="1" methods="3" coveredmethods="2"/>
        <line num="6" count="1" type="stmt"/>
        <line num="7" count="6" type="stmt"/>
        <line num="8" count="6" type="stmt"/>
        <line num="10" count="6" type="stmt"/>
        <line num="11" count="0" type="cond" truecount="0" falsecount="4"/>
        <line num="12" count="0" type="stmt"/>
        <line num="13" count="0" type="stmt"/>
        <line num="16" count="0" type="cond" truecount="0" falsecount="2"/>
        <line num="17" count="0" type="stmt"/>
        <line num="19" count="0" type="stmt"/>
        <line num="22" count="0" type="stmt"/>
        <line num="23" count="0" type="stmt"/>
        <line num="27" count="6" type="stmt"/>
        <line num="28" count="6" type="cond" truecount="1" falsecount="2"/>
        <line num="30" count="0" type="stmt"/>
        <line num="39" count="0" type="stmt"/>
        <line num="46" count="6" type="stmt"/>
        <line num="54" count="6" type="stmt"/>
      </file>
      <file name="GPABarChart.tsx" path="/Users/robelmelaku/Desktop/OUS-Senior-Project/frontend/app/src/components/GPABarChart.tsx">
        <metrics statements="2" coveredstatements="2" conditionals="0" coveredconditionals="0" methods="1" coveredmethods="1"/>
        <line num="18" count="1" type="stmt"/>
        <line num="19" count="6" type="stmt"/>
      </file>
      <file name="Header.tsx" path="/Users/robelmelaku/Desktop/OUS-Senior-Project/frontend/app/src/components/Header.tsx">
        <metrics statements="2" coveredstatements="2" conditionals="0" coveredconditionals="0" methods="1" coveredmethods="1"/>
        <line num="3" count="1" type="stmt"/>
        <line num="4" count="6" type="stmt"/>
      </file>
      <file name="MajorInsights.tsx" path="/Users/robelmelaku/Desktop/OUS-Senior-Project/frontend/app/src/components/MajorInsights.tsx">
        <metrics statements="2" coveredstatements="2" conditionals="0" coveredconditionals="0" methods="1" coveredmethods="1"/>
        <line num="11" count="1" type="stmt"/>
        <line num="12" count="6" type="stmt"/>
      </file>
      <file name="MajorSummaryTable.tsx" path="/Users/robelmelaku/Desktop/OUS-Senior-Project/frontend/app/src/components/MajorSummaryTable.tsx">
        <metrics statements="3" coveredstatements="3" conditionals="0" coveredconditionals="0" methods="2" coveredmethods="2"/>
        <line num="8" count="1" type="stmt"/>
        <line num="11" count="6" type="stmt"/>
        <line num="45" count="26" type="stmt"/>
      </file>
      <file name="MetricTile.tsx" path="/Users/robelmelaku/Desktop/OUS-Senior-Project/frontend/app/src/components/MetricTile.tsx">
        <metrics statements="2" coveredstatements="2" conditionals="0" coveredconditionals="0" methods="1" coveredmethods="1"/>
        <line num="10" count="1" type="stmt"/>
        <line num="15" count="27" type="stmt"/>
      </file>
    </package>
  </project>
</coverage>
