{
  "/Users/robelmelaku/Desktop/OUS-Senior-Project/frontend/app/src/App.tsx": {
    "path": "/Users/robelmelaku/Desktop/OUS-Senior-Project/frontend/app/src/App.tsx",
    "statementMap": {
      "0": {
        "start": { "line": 14, "column": 22 },
        "end": { "line": 111, "column": 1 }
      },
      "1": {
        "start": { "line": 15, "column": 32 },
        "end": { "line": 15, "column": 73 }
      },
      "2": {
        "start": { "line": 16, "column": 30 },
        "end": { "line": 16, "column": 69 }
      },
      "3": {
        "start": { "line": 17, "column": 30 },
        "end": { "line": 17, "column": 59 }
      },
      "4": {
        "start": { "line": 18, "column": 42 },
        "end": { "line": 18, "column": 71 }
      },
      "5": {
        "start": { "line": 20, "column": 16 },
        "end": { "line": 29, "column": 3 }
      },
      "6": {
        "start": { "line": 21, "column": 10 },
        "end": { "line": 27, "column": 5 }
      },
      "7": {
        "start": { "line": 31, "column": 2 },
        "end": { "line": 65, "column": 9 }
      },
      "8": {
        "start": { "line": 32, "column": 20 },
        "end": { "line": 32, "column": 24 }
      },
      "9": {
        "start": { "line": 34, "column": 17 },
        "end": { "line": 58, "column": 5 }
      },
      "10": {
        "start": { "line": 35, "column": 6 },
        "end": { "line": 35, "column": 27 }
      },
      "11": {
        "start": { "line": 36, "column": 6 },
        "end": { "line": 36, "column": 28 }
      },
      "12": {
        "start": { "line": 38, "column": 6 },
        "end": { "line": 57, "column": 7 }
      },
      "13": {
        "start": { "line": 39, "column": 21 },
        "end": { "line": 39, "column": 39 }
      },
      "14": {
        "start": { "line": 41, "column": 8 },
        "end": { "line": 41, "column": 31 }
      },
      "15": {
        "start": { "line": 41, "column": 24 },
        "end": { "line": 41, "column": 31 }
      },
      "16": {
        "start": { "line": 43, "column": 8 },
        "end": { "line": 43, "column": 58 }
      },
      "17": {
        "start": { "line": 44, "column": 8 },
        "end": { "line": 44, "column": 61 }
      },
      "18": {
        "start": { "line": 45, "column": 8 },
        "end": { "line": 45, "column": 29 }
      },
      "19": {
        "start": { "line": 47, "column": 8 },
        "end": { "line": 47, "column": 31 }
      },
      "20": {
        "start": { "line": 47, "column": 24 },
        "end": { "line": 47, "column": 31 }
      },
      "21": {
        "start": { "line": 49, "column": 8 },
        "end": { "line": 49, "column": 27 }
      },
      "22": {
        "start": { "line": 50, "column": 8 },
        "end": { "line": 52, "column": 10 }
      },
      "23": {
        "start": { "line": 55, "column": 8 },
        "end": { "line": 55, "column": 35 }
      },
      "24": {
        "start": { "line": 56, "column": 8 },
        "end": { "line": 56, "column": 36 }
      },
      "25": {
        "start": { "line": 60, "column": 4 },
        "end": { "line": 60, "column": 11 }
      },
      "26": {
        "start": { "line": 62, "column": 4 },
        "end": { "line": 64, "column": 6 }
      },
      "27": {
        "start": { "line": 63, "column": 6 },
        "end": { "line": 63, "column": 24 }
      },
      "28": {
        "start": { "line": 67, "column": 2 },
        "end": { "line": 110, "column": 4 }
      },
      "29": {
        "start": { "line": 92, "column": 16 },
        "end": { "line": 97, "column": 18 }
      }
    },
    "fnMap": {
      "0": {
        "name": "(anonymous_0)",
        "decl": {
          "start": { "line": 14, "column": 22 },
          "end": { "line": 14, "column": 23 }
        },
        "loc": {
          "start": { "line": 14, "column": 28 },
          "end": { "line": 111, "column": 1 }
        },
        "line": 14
      },
      "1": {
        "name": "(anonymous_1)",
        "decl": {
          "start": { "line": 21, "column": 4 },
          "end": { "line": 21, "column": 5 }
        },
        "loc": {
          "start": { "line": 21, "column": 10 },
          "end": { "line": 27, "column": 5 }
        },
        "line": 21
      },
      "2": {
        "name": "(anonymous_2)",
        "decl": {
          "start": { "line": 31, "column": 12 },
          "end": { "line": 31, "column": 13 }
        },
        "loc": {
          "start": { "line": 31, "column": 18 },
          "end": { "line": 65, "column": 3 }
        },
        "line": 31
      },
      "3": {
        "name": "(anonymous_3)",
        "decl": {
          "start": { "line": 34, "column": 17 },
          "end": { "line": 34, "column": 18 }
        },
        "loc": {
          "start": { "line": 34, "column": 29 },
          "end": { "line": 58, "column": 5 }
        },
        "line": 34
      },
      "4": {
        "name": "(anonymous_4)",
        "decl": {
          "start": { "line": 62, "column": 11 },
          "end": { "line": 62, "column": 12 }
        },
        "loc": {
          "start": { "line": 62, "column": 17 },
          "end": { "line": 64, "column": 5 }
        },
        "line": 62
      },
      "5": {
        "name": "(anonymous_5)",
        "decl": {
          "start": { "line": 91, "column": 27 },
          "end": { "line": 91, "column": 28 }
        },
        "loc": {
          "start": { "line": 92, "column": 16 },
          "end": { "line": 97, "column": 18 }
        },
        "line": 92
      }
    },
    "branchMap": {
      "0": {
        "loc": {
          "start": { "line": 41, "column": 8 },
          "end": { "line": 41, "column": 31 }
        },
        "type": "if",
        "locations": [
          {
            "start": { "line": 41, "column": 8 },
            "end": { "line": 41, "column": 31 }
          },
          { "start": {}, "end": {} }
        ],
        "line": 41
      },
      "1": {
        "loc": {
          "start": { "line": 43, "column": 19 },
          "end": { "line": 43, "column": 56 }
        },
        "type": "binary-expr",
        "locations": [
          {
            "start": { "line": 43, "column": 19 },
            "end": { "line": 43, "column": 38 }
          },
          {
            "start": { "line": 43, "column": 42 },
            "end": { "line": 43, "column": 56 }
          }
        ],
        "line": 43
      },
      "2": {
        "loc": {
          "start": { "line": 44, "column": 18 },
          "end": { "line": 44, "column": 59 }
        },
        "type": "binary-expr",
        "locations": [
          {
            "start": { "line": 44, "column": 18 },
            "end": { "line": 44, "column": 39 }
          },
          {
            "start": { "line": 44, "column": 43 },
            "end": { "line": 44, "column": 59 }
          }
        ],
        "line": 44
      },
      "3": {
        "loc": {
          "start": { "line": 47, "column": 8 },
          "end": { "line": 47, "column": 31 }
        },
        "type": "if",
        "locations": [
          {
            "start": { "line": 47, "column": 8 },
            "end": { "line": 47, "column": 31 }
          },
          { "start": {}, "end": {} }
        ],
        "line": 47
      },
      "4": {
        "loc": {
          "start": { "line": 51, "column": 10 },
          "end": { "line": 51, "column": 74 }
        },
        "type": "cond-expr",
        "locations": [
          {
            "start": { "line": 51, "column": 33 },
            "end": { "line": 51, "column": 44 }
          },
          {
            "start": { "line": 51, "column": 47 },
            "end": { "line": 51, "column": 74 }
          }
        ],
        "line": 51
      },
      "5": {
        "loc": {
          "start": { "line": 72, "column": 11 },
          "end": { "line": 76, "column": 11 }
        },
        "type": "binary-expr",
        "locations": [
          {
            "start": { "line": 72, "column": 11 },
            "end": { "line": 72, "column": 31 }
          },
          {
            "start": { "line": 73, "column": 12 },
            "end": { "line": 75, "column": 18 }
          }
        ],
        "line": 72
      },
      "6": {
        "loc": {
          "start": { "line": 78, "column": 11 },
          "end": { "line": 82, "column": 11 }
        },
        "type": "binary-expr",
        "locations": [
          {
            "start": { "line": 78, "column": 11 },
            "end": { "line": 78, "column": 29 }
          },
          {
            "start": { "line": 79, "column": 12 },
            "end": { "line": 81, "column": 18 }
          }
        ],
        "line": 78
      },
      "7": {
        "loc": {
          "start": { "line": 80, "column": 34 },
          "end": { "line": 80, "column": 77 }
        },
        "type": "binary-expr",
        "locations": [
          {
            "start": { "line": 80, "column": 34 },
            "end": { "line": 80, "column": 46 }
          },
          {
            "start": { "line": 80, "column": 50 },
            "end": { "line": 80, "column": 77 }
          }
        ],
        "line": 80
      },
      "8": {
        "loc": {
          "start": { "line": 96, "column": 24 },
          "end": { "line": 96, "column": 44 }
        },
        "type": "binary-expr",
        "locations": [
          {
            "start": { "line": 96, "column": 24 },
            "end": { "line": 96, "column": 36 }
          },
          {
            "start": { "line": 96, "column": 40 },
            "end": { "line": 96, "column": 44 }
          }
        ],
        "line": 96
      }
    },
    "s": {
      "0": 1,
      "1": 6,
      "2": 6,
      "3": 6,
      "4": 6,
      "5": 6,
      "6": 2,
      "7": 6,
      "8": 2,
      "9": 2,
      "10": 2,
      "11": 2,
      "12": 2,
      "13": 2,
      "14": 1,
      "15": 0,
      "16": 1,
      "17": 1,
      "18": 1,
      "19": 1,
      "20": 0,
      "21": 1,
      "22": 1,
      "23": 1,
      "24": 1,
      "25": 2,
      "26": 2,
      "27": 2,
      "28": 6,
      "29": 27
    },
    "f": { "0": 6, "1": 2, "2": 2, "3": 2, "4": 2, "5": 27 },
    "b": {
      "0": [0, 1],
      "1": [1, 0],
      "2": [1, 0],
      "3": [0, 1],
      "4": [1, 0],
      "5": [6, 2],
      "6": [6, 1],
      "7": [1, 0],
      "8": [27, 0]
    },
    "_coverageSchema": "1a1c01bbd47fc00a2c39e90264f33305004495a9",
    "hash": "852c033c9ed37abf82a3724ae63c42d98f74ba8b"
  },
  "/Users/robelmelaku/Desktop/OUS-Senior-Project/frontend/app/src/constants.ts": {
    "path": "/Users/robelmelaku/Desktop/OUS-Senior-Project/frontend/app/src/constants.ts",
    "statementMap": {
      "0": {
        "start": { "line": 3, "column": 47 },
        "end": { "line": 9, "column": 1 }
      },
      "1": {
        "start": { "line": 11, "column": 45 },
        "end": { "line": 22, "column": 1 }
      }
    },
    "fnMap": {},
    "branchMap": {},
    "s": { "0": 1, "1": 1 },
    "f": {},
    "b": {},
    "_coverageSchema": "1a1c01bbd47fc00a2c39e90264f33305004495a9",
    "hash": "d4b4856044600da4040b6f65b2a4d8fa7928ab04"
  },
  "/Users/robelmelaku/Desktop/OUS-Senior-Project/frontend/app/src/index.tsx": {
    "path": "/Users/robelmelaku/Desktop/OUS-Senior-Project/frontend/app/src/index.tsx",
    "statementMap": {
      "0": {
        "start": { "line": 7, "column": 18 },
        "end": { "line": 7, "column": 49 }
      },
      "1": {
        "start": { "line": 9, "column": 0 },
        "end": { "line": 11, "column": 1 }
      },
      "2": {
        "start": { "line": 10, "column": 2 },
        "end": { "line": 10, "column": 58 }
      },
      "3": {
        "start": { "line": 13, "column": 13 },
        "end": { "line": 13, "column": 43 }
      },
      "4": {
        "start": { "line": 14, "column": 0 },
        "end": { "line": 18, "column": 2 }
      },
      "5": {
        "start": { "line": 23, "column": 0 },
        "end": { "line": 23, "column": 18 }
      }
    },
    "fnMap": {},
    "branchMap": {
      "0": {
        "loc": {
          "start": { "line": 9, "column": 0 },
          "end": { "line": 11, "column": 1 }
        },
        "type": "if",
        "locations": [
          {
            "start": { "line": 9, "column": 0 },
            "end": { "line": 11, "column": 1 }
          },
          { "start": {}, "end": {} }
        ],
        "line": 9
      }
    },
    "s": { "0": 0, "1": 0, "2": 0, "3": 0, "4": 0, "5": 0 },
    "f": {},
    "b": { "0": [0, 0] }
  },
  "/Users/robelmelaku/Desktop/OUS-Senior-Project/frontend/app/src/reportWebVitals.ts": {
    "path": "/Users/robelmelaku/Desktop/OUS-Senior-Project/frontend/app/src/reportWebVitals.ts",
    "statementMap": {
      "0": {
        "start": { "line": 3, "column": 24 },
        "end": { "line": 13, "column": 1 }
      },
      "1": {
        "start": { "line": 4, "column": 2 },
        "end": { "line": 12, "column": 3 }
      },
      "2": {
        "start": { "line": 5, "column": 4 },
        "end": { "line": 11, "column": 7 }
      },
      "3": {
        "start": { "line": 6, "column": 6 },
        "end": { "line": 6, "column": 26 }
      },
      "4": {
        "start": { "line": 7, "column": 6 },
        "end": { "line": 7, "column": 26 }
      },
      "5": {
        "start": { "line": 8, "column": 6 },
        "end": { "line": 8, "column": 26 }
      },
      "6": {
        "start": { "line": 9, "column": 6 },
        "end": { "line": 9, "column": 26 }
      },
      "7": {
        "start": { "line": 10, "column": 6 },
        "end": { "line": 10, "column": 27 }
      }
    },
    "fnMap": {
      "0": {
        "name": "(anonymous_0)",
        "decl": {
          "start": { "line": 3, "column": 24 },
          "end": { "line": 3, "column": 25 }
        },
        "loc": {
          "start": { "line": 3, "column": 63 },
          "end": { "line": 13, "column": 1 }
        },
        "line": 3
      },
      "1": {
        "name": "(anonymous_1)",
        "decl": {
          "start": { "line": 5, "column": 30 },
          "end": { "line": 5, "column": 31 }
        },
        "loc": {
          "start": { "line": 5, "column": 79 },
          "end": { "line": 11, "column": 5 }
        },
        "line": 5
      }
    },
    "branchMap": {
      "0": {
        "loc": {
          "start": { "line": 4, "column": 2 },
          "end": { "line": 12, "column": 3 }
        },
        "type": "if",
        "locations": [
          {
            "start": { "line": 4, "column": 2 },
            "end": { "line": 12, "column": 3 }
          },
          { "start": {}, "end": {} }
        ],
        "line": 4
      },
      "1": {
        "loc": {
          "start": { "line": 4, "column": 6 },
          "end": { "line": 4, "column": 52 }
        },
        "type": "binary-expr",
        "locations": [
          {
            "start": { "line": 4, "column": 6 },
            "end": { "line": 4, "column": 17 }
          },
          {
            "start": { "line": 4, "column": 21 },
            "end": { "line": 4, "column": 52 }
          }
        ],
        "line": 4
      }
    },
    "s": { "0": 0, "1": 0, "2": 0, "3": 0, "4": 0, "5": 0, "6": 0, "7": 0 },
    "f": { "0": 0, "1": 0 },
    "b": { "0": [0, 0], "1": [0, 0] }
  },
  "/Users/robelmelaku/Desktop/OUS-Senior-Project/frontend/app/src/types.ts": {
    "path": "/Users/robelmelaku/Desktop/OUS-Senior-Project/frontend/app/src/types.ts",
    "statementMap": {},
    "fnMap": {},
    "branchMap": {},
    "s": {},
    "f": {},
    "b": {}
  },
  "/Users/robelmelaku/Desktop/OUS-Senior-Project/frontend/app/src/api/client.ts": {
    "path": "/Users/robelmelaku/Desktop/OUS-Senior-Project/frontend/app/src/api/client.ts",
    "statementMap": {
      "0": {
        "start": { "line": 3, "column": 17 },
        "end": { "line": 3, "column": 47 }
      },
      "1": {
        "start": { "line": 5, "column": 0 },
        "end": { "line": 12, "column": 1 }
      },
      "2": {
        "start": { "line": 9, "column": 2 },
        "end": { "line": 11, "column": 4 }
      },
      "3": {
        "start": { "line": 14, "column": 25 },
        "end": { "line": 19, "column": 2 }
      }
    },
    "fnMap": {},
    "branchMap": {
      "0": {
        "loc": {
          "start": { "line": 5, "column": 0 },
          "end": { "line": 12, "column": 1 }
        },
        "type": "if",
        "locations": [
          {
            "start": { "line": 5, "column": 0 },
            "end": { "line": 12, "column": 1 }
          },
          { "start": {}, "end": {} }
        ],
        "line": 5
      },
      "1": {
        "loc": {
          "start": { "line": 15, "column": 11 },
          "end": { "line": 15, "column": 32 }
        },
        "type": "binary-expr",
        "locations": [
          {
            "start": { "line": 15, "column": 11 },
            "end": { "line": 15, "column": 19 }
          },
          {
            "start": { "line": 15, "column": 23 },
            "end": { "line": 15, "column": 32 }
          }
        ],
        "line": 15
      }
    },
    "s": { "0": 1, "1": 1, "2": 0, "3": 1 },
    "f": {},
    "b": { "0": [0, 1], "1": [1, 0] },
    "_coverageSchema": "1a1c01bbd47fc00a2c39e90264f33305004495a9",
    "hash": "a75ad93f453877ea8c619eb649894d6bc5f1d044"
  },
  "/Users/robelmelaku/Desktop/OUS-Senior-Project/frontend/app/src/api/items.ts": {
    "path": "/Users/robelmelaku/Desktop/OUS-Senior-Project/frontend/app/src/api/items.ts",
    "statementMap": {
      "0": {
        "start": { "line": 4, "column": 26 },
        "end": { "line": 18, "column": 1 }
      },
      "1": {
        "start": { "line": 5, "column": 2 },
        "end": { "line": 9, "column": 3 }
      },
      "2": {
        "start": { "line": 6, "column": 4 },
        "end": { "line": 8, "column": 6 }
      },
      "3": {
        "start": { "line": 11, "column": 19 },
        "end": { "line": 11, "column": 68 }
      },
      "4": {
        "start": { "line": 13, "column": 2 },
        "end": { "line": 15, "column": 3 }
      },
      "5": {
        "start": { "line": 14, "column": 4 },
        "end": { "line": 14, "column": 53 }
      },
      "6": {
        "start": { "line": 17, "column": 2 },
        "end": { "line": 17, "column": 23 }
      }
    },
    "fnMap": {
      "0": {
        "name": "(anonymous_0)",
        "decl": {
          "start": { "line": 4, "column": 26 },
          "end": { "line": 4, "column": 27 }
        },
        "loc": {
          "start": { "line": 4, "column": 67 },
          "end": { "line": 18, "column": 1 }
        },
        "line": 4
      }
    },
    "branchMap": {
      "0": {
        "loc": {
          "start": { "line": 5, "column": 2 },
          "end": { "line": 9, "column": 3 }
        },
        "type": "if",
        "locations": [
          {
            "start": { "line": 5, "column": 2 },
            "end": { "line": 9, "column": 3 }
          },
          { "start": {}, "end": {} }
        ],
        "line": 5
      },
      "1": {
        "loc": {
          "start": { "line": 13, "column": 2 },
          "end": { "line": 15, "column": 3 }
        },
        "type": "if",
        "locations": [
          {
            "start": { "line": 13, "column": 2 },
            "end": { "line": 15, "column": 3 }
          },
          { "start": {}, "end": {} }
        ],
        "line": 13
      }
    },
    "s": { "0": 1, "1": 0, "2": 0, "3": 0, "4": 0, "5": 0, "6": 0 },
    "f": { "0": 0 },
    "b": { "0": [0, 0], "1": [0, 0] },
    "_coverageSchema": "1a1c01bbd47fc00a2c39e90264f33305004495a9",
    "hash": "8170808a532632fa61f177cb8c1c0f846ecbde8b"
  },
  "/Users/robelmelaku/Desktop/OUS-Senior-Project/frontend/app/src/components/CreditsBarChart.tsx": {
    "path": "/Users/robelmelaku/Desktop/OUS-Senior-Project/frontend/app/src/components/CreditsBarChart.tsx",
    "statementMap": {
      "0": {
        "start": { "line": 18, "column": 63 },
        "end": { "line": 45, "column": 1 }
      },
      "1": {
        "start": { "line": 19, "column": 2 },
        "end": { "line": 44, "column": 4 }
      }
    },
    "fnMap": {
      "0": {
        "name": "(anonymous_0)",
        "decl": {
          "start": { "line": 18, "column": 63 },
          "end": { "line": 18, "column": 64 }
        },
        "loc": {
          "start": { "line": 18, "column": 77 },
          "end": { "line": 45, "column": 1 }
        },
        "line": 18
      }
    },
    "branchMap": {},
    "s": { "0": 1, "1": 6 },
    "f": { "0": 6 },
    "b": {},
    "_coverageSchema": "1a1c01bbd47fc00a2c39e90264f33305004495a9",
    "hash": "33a960977b39793b385bb0557e062e5983a1d819"
  },
  "/Users/robelmelaku/Desktop/OUS-Senior-Project/frontend/app/src/components/ExportButton.tsx": {
    "path": "/Users/robelmelaku/Desktop/OUS-Senior-Project/frontend/app/src/components/ExportButton.tsx",
    "statementMap": {
      "0": {
        "start": { "line": 4, "column": 38 },
        "end": { "line": 19, "column": 1 }
      },
      "1": {
        "start": { "line": 5, "column": 2 },
        "end": { "line": 18, "column": 4 }
      },
      "2": {
        "start": { "line": 10, "column": 8 },
        "end": { "line": 12, "column": 9 }
      }
    },
    "fnMap": {
      "0": {
        "name": "(anonymous_0)",
        "decl": {
          "start": { "line": 4, "column": 38 },
          "end": { "line": 4, "column": 39 }
        },
        "loc": {
          "start": { "line": 4, "column": 44 },
          "end": { "line": 19, "column": 1 }
        },
        "line": 4
      },
      "1": {
        "name": "(anonymous_1)",
        "decl": {
          "start": { "line": 9, "column": 15 },
          "end": { "line": 9, "column": 16 }
        },
        "loc": {
          "start": { "line": 10, "column": 8 },
          "end": { "line": 12, "column": 9 }
        },
        "line": 10
      }
    },
    "branchMap": {},
    "s": { "0": 1, "1": 6, "2": 0 },
    "f": { "0": 6, "1": 0 },
    "b": {},
    "_coverageSchema": "1a1c01bbd47fc00a2c39e90264f33305004495a9",
    "hash": "89660e57407d7ea749ef35c1f1f6bc12fe68c2f6"
  },
  "/Users/robelmelaku/Desktop/OUS-Senior-Project/frontend/app/src/components/FileUploadPanel.tsx": {
    "path": "/Users/robelmelaku/Desktop/OUS-Senior-Project/frontend/app/src/components/FileUploadPanel.tsx",
    "statementMap": {
      "0": {
        "start": { "line": 6, "column": 41 },
        "end": { "line": 76, "column": 1 }
      },
      "1": {
        "start": { "line": 7, "column": 34 },
        "end": { "line": 7, "column": 63 }
      },
      "2": {
        "start": { "line": 8, "column": 30 },
        "end": { "line": 8, "column": 60 }
      },
      "3": {
        "start": { "line": 10, "column": 27 },
        "end": { "line": 25, "column": 3 }
      },
      "4": {
        "start": { "line": 11, "column": 4 },
        "end": { "line": 24, "column": 5 }
      },
      "5": {
        "start": { "line": 12, "column": 19 },
        "end": { "line": 12, "column": 40 }
      },
      "6": {
        "start": { "line": 13, "column": 6 },
        "end": { "line": 13, "column": 29 }
      },
      "7": {
        "start": { "line": 16, "column": 6 },
        "end": { "line": 20, "column": 7 }
      },
      "8": {
        "start": { "line": 17, "column": 8 },
        "end": { "line": 17, "column": 29 }
      },
      "9": {
        "start": { "line": 19, "column": 8 },
        "end": { "line": 19, "column": 27 }
      },
      "10": {
        "start": { "line": 22, "column": 6 },
        "end": { "line": 22, "column": 24 }
      },
      "11": {
        "start": { "line": 23, "column": 6 },
        "end": { "line": 23, "column": 24 }
      },
      "12": {
        "start": { "line": 27, "column": 27 },
        "end": { "line": 52, "column": 3 }
      },
      "13": {
        "start": { "line": 28, "column": 4 },
        "end": { "line": 51, "column": 5 }
      },
      "14": {
        "start": { "line": 30, "column": 8 },
        "end": { "line": 37, "column": 10 }
      },
      "15": {
        "start": { "line": 39, "column": 8 },
        "end": { "line": 44, "column": 10 }
      },
      "16": {
        "start": { "line": 46, "column": 8 },
        "end": { "line": 50, "column": 10 }
      },
      "17": {
        "start": { "line": 54, "column": 2 },
        "end": { "line": 75, "column": 4 }
      }
    },
    "fnMap": {
      "0": {
        "name": "(anonymous_0)",
        "decl": {
          "start": { "line": 6, "column": 41 },
          "end": { "line": 6, "column": 42 }
        },
        "loc": {
          "start": { "line": 6, "column": 47 },
          "end": { "line": 76, "column": 1 }
        },
        "line": 6
      },
      "1": {
        "name": "(anonymous_1)",
        "decl": {
          "start": { "line": 10, "column": 27 },
          "end": { "line": 10, "column": 28 }
        },
        "loc": {
          "start": { "line": 10, "column": 75 },
          "end": { "line": 25, "column": 3 }
        },
        "line": 10
      },
      "2": {
        "name": "(anonymous_2)",
        "decl": {
          "start": { "line": 27, "column": 27 },
          "end": { "line": 27, "column": 28 }
        },
        "loc": {
          "start": { "line": 27, "column": 33 },
          "end": { "line": 52, "column": 3 }
        },
        "line": 27
      }
    },
    "branchMap": {
      "0": {
        "loc": {
          "start": { "line": 11, "column": 4 },
          "end": { "line": 24, "column": 5 }
        },
        "type": "if",
        "locations": [
          {
            "start": { "line": 11, "column": 4 },
            "end": { "line": 24, "column": 5 }
          },
          {
            "start": { "line": 21, "column": 11 },
            "end": { "line": 24, "column": 5 }
          }
        ],
        "line": 11
      },
      "1": {
        "loc": {
          "start": { "line": 11, "column": 8 },
          "end": { "line": 11, "column": 59 }
        },
        "type": "binary-expr",
        "locations": [
          {
            "start": { "line": 11, "column": 8 },
            "end": { "line": 11, "column": 26 }
          },
          {
            "start": { "line": 11, "column": 30 },
            "end": { "line": 11, "column": 59 }
          }
        ],
        "line": 11
      },
      "2": {
        "loc": {
          "start": { "line": 16, "column": 6 },
          "end": { "line": 20, "column": 7 }
        },
        "type": "if",
        "locations": [
          {
            "start": { "line": 16, "column": 6 },
            "end": { "line": 20, "column": 7 }
          },
          {
            "start": { "line": 18, "column": 13 },
            "end": { "line": 20, "column": 7 }
          }
        ],
        "line": 16
      },
      "3": {
        "loc": {
          "start": { "line": 28, "column": 4 },
          "end": { "line": 51, "column": 5 }
        },
        "type": "switch",
        "locations": [
          {
            "start": { "line": 29, "column": 6 },
            "end": { "line": 37, "column": 10 }
          },
          {
            "start": { "line": 38, "column": 6 },
            "end": { "line": 44, "column": 10 }
          },
          {
            "start": { "line": 45, "column": 6 },
            "end": { "line": 50, "column": 10 }
          }
        ],
        "line": 28
      }
    },
    "s": {
      "0": 1,
      "1": 6,
      "2": 6,
      "3": 6,
      "4": 0,
      "5": 0,
      "6": 0,
      "7": 0,
      "8": 0,
      "9": 0,
      "10": 0,
      "11": 0,
      "12": 6,
      "13": 6,
      "14": 0,
      "15": 0,
      "16": 6,
      "17": 6
    },
    "f": { "0": 6, "1": 0, "2": 6 },
    "b": { "0": [0, 0], "1": [0, 0], "2": [0, 0], "3": [0, 0, 6] },
    "_coverageSchema": "1a1c01bbd47fc00a2c39e90264f33305004495a9",
    "hash": "373a1348e4d1360b7ce9f8deb17d19c6a5328737"
  },
  "/Users/robelmelaku/Desktop/OUS-Senior-Project/frontend/app/src/components/GPABarChart.tsx": {
    "path": "/Users/robelmelaku/Desktop/OUS-Senior-Project/frontend/app/src/components/GPABarChart.tsx",
    "statementMap": {
      "0": {
        "start": { "line": 18, "column": 55 },
        "end": { "line": 45, "column": 1 }
      },
      "1": {
        "start": { "line": 19, "column": 2 },
        "end": { "line": 44, "column": 4 }
      }
    },
    "fnMap": {
      "0": {
        "name": "(anonymous_0)",
        "decl": {
          "start": { "line": 18, "column": 55 },
          "end": { "line": 18, "column": 56 }
        },
        "loc": {
          "start": { "line": 18, "column": 69 },
          "end": { "line": 45, "column": 1 }
        },
        "line": 18
      }
    },
    "branchMap": {},
    "s": { "0": 1, "1": 6 },
    "f": { "0": 6 },
    "b": {},
    "_coverageSchema": "1a1c01bbd47fc00a2c39e90264f33305004495a9",
    "hash": "a69b02283768e1418a95bdbd150e5ef930016f6f"
  },
  "/Users/robelmelaku/Desktop/OUS-Senior-Project/frontend/app/src/components/Header.tsx": {
    "path": "/Users/robelmelaku/Desktop/OUS-Senior-Project/frontend/app/src/components/Header.tsx",
    "statementMap": {
      "0": {
        "start": { "line": 3, "column": 32 },
        "end": { "line": 12, "column": 1 }
      },
      "1": {
        "start": { "line": 4, "column": 2 },
        "end": { "line": 11, "column": 4 }
      }
    },
    "fnMap": {
      "0": {
        "name": "(anonymous_0)",
        "decl": {
          "start": { "line": 3, "column": 32 },
          "end": { "line": 3, "column": 33 }
        },
        "loc": {
          "start": { "line": 3, "column": 38 },
          "end": { "line": 12, "column": 1 }
        },
        "line": 3
      }
    },
    "branchMap": {},
    "s": { "0": 1, "1": 6 },
    "f": { "0": 6 },
    "b": {},
    "_coverageSchema": "1a1c01bbd47fc00a2c39e90264f33305004495a9",
    "hash": "3ff688c50323c66f1eef4c435a5859826a67b3fb"
  },
  "/Users/robelmelaku/Desktop/OUS-Senior-Project/frontend/app/src/components/MajorInsights.tsx": {
    "path": "/Users/robelmelaku/Desktop/OUS-Senior-Project/frontend/app/src/components/MajorInsights.tsx",
    "statementMap": {
      "0": {
        "start": { "line": 11, "column": 59 },
        "end": { "line": 42, "column": 1 }
      },
      "1": {
        "start": { "line": 12, "column": 2 },
        "end": { "line": 41, "column": 4 }
      }
    },
    "fnMap": {
      "0": {
        "name": "(anonymous_0)",
        "decl": {
          "start": { "line": 11, "column": 59 },
          "end": { "line": 11, "column": 60 }
        },
        "loc": {
          "start": { "line": 11, "column": 73 },
          "end": { "line": 42, "column": 1 }
        },
        "line": 11
      }
    },
    "branchMap": {},
    "s": { "0": 1, "1": 6 },
    "f": { "0": 6 },
    "b": {},
    "_coverageSchema": "1a1c01bbd47fc00a2c39e90264f33305004495a9",
    "hash": "c1a8a5ee0ea55670d13de1e49c862a7b6bcc6f0a"
  },
  "/Users/robelmelaku/Desktop/OUS-Senior-Project/frontend/app/src/components/MajorSummaryTable.tsx": {
    "path": "/Users/robelmelaku/Desktop/OUS-Senior-Project/frontend/app/src/components/MajorSummaryTable.tsx",
    "statementMap": {
      "0": {
        "start": { "line": 8, "column": 67 },
        "end": { "line": 64, "column": 1 }
      },
      "1": {
        "start": { "line": 11, "column": 2 },
        "end": { "line": 63, "column": 4 }
      },
      "2": {
        "start": { "line": 45, "column": 12 },
        "end": { "line": 58, "column": 17 }
      }
    },
    "fnMap": {
      "0": {
        "name": "(anonymous_0)",
        "decl": {
          "start": { "line": 8, "column": 67 },
          "end": { "line": 8, "column": 68 }
        },
        "loc": {
          "start": { "line": 10, "column": 6 },
          "end": { "line": 64, "column": 1 }
        },
        "line": 10
      },
      "1": {
        "name": "(anonymous_1)",
        "decl": {
          "start": { "line": 44, "column": 20 },
          "end": { "line": 44, "column": 21 }
        },
        "loc": {
          "start": { "line": 45, "column": 12 },
          "end": { "line": 58, "column": 17 }
        },
        "line": 45
      }
    },
    "branchMap": {},
    "s": { "0": 1, "1": 6, "2": 26 },
    "f": { "0": 6, "1": 26 },
    "b": {},
    "_coverageSchema": "1a1c01bbd47fc00a2c39e90264f33305004495a9",
    "hash": "0bce2bee694fc0a69dcadee115290131d78f1d1f"
  },
  "/Users/robelmelaku/Desktop/OUS-Senior-Project/frontend/app/src/components/MetricTile.tsx": {
    "path": "/Users/robelmelaku/Desktop/OUS-Senior-Project/frontend/app/src/components/MetricTile.tsx",
    "statementMap": {
      "0": {
        "start": { "line": 10, "column": 53 },
        "end": { "line": 24, "column": 1 }
      },
      "1": {
        "start": { "line": 15, "column": 2 },
        "end": { "line": 23, "column": 4 }
      }
    },
    "fnMap": {
      "0": {
        "name": "(anonymous_0)",
        "decl": {
          "start": { "line": 10, "column": 53 },
          "end": { "line": 10, "column": 54 }
        },
        "loc": {
          "start": { "line": 14, "column": 6 },
          "end": { "line": 24, "column": 1 }
        },
        "line": 14
      }
    },
    "branchMap": {},
    "s": { "0": 1, "1": 27 },
    "f": { "0": 27 },
    "b": {},
    "_coverageSchema": "1a1c01bbd47fc00a2c39e90264f33305004495a9",
    "hash": "e33c8825b190fee46700cd5436939b6c5b56eca5"
  }
}
