TN:
SF:src/App.tsx
FN:14,(anonymous_0)
FN:21,(anonymous_1)
FN:31,(anonymous_2)
FN:34,(anonymous_3)
FN:62,(anonymous_4)
FN:91,(anonymous_5)
FNF:6
FNH:6
FNDA:6,(anonymous_0)
FNDA:2,(anonymous_1)
FNDA:2,(anonymous_2)
FNDA:2,(anonymous_3)
FNDA:2,(anonymous_4)
FNDA:27,(anonymous_5)
DA:14,1
DA:15,6
DA:16,6
DA:17,6
DA:18,6
DA:20,6
DA:21,2
DA:31,6
DA:32,2
DA:34,2
DA:35,2
DA:36,2
DA:38,2
DA:39,2
DA:41,1
DA:43,1
DA:44,1
DA:45,1
DA:47,1
DA:49,1
DA:50,1
DA:55,1
DA:56,1
DA:60,2
DA:62,2
DA:63,2
DA:67,6
DA:92,27
LF:28
LH:28
BRDA:41,0,0,0
BRDA:41,0,1,1
BRDA:43,1,0,1
BRDA:43,1,1,0
BRDA:44,2,0,1
BRDA:44,2,1,0
BRDA:47,3,0,0
BRDA:47,3,1,1
BRDA:51,4,0,1
BRDA:51,4,1,0
BRDA:72,5,0,6
BRDA:72,5,1,2
BRDA:78,6,0,6
BRDA:78,6,1,1
BRDA:80,7,0,1
BRDA:80,7,1,0
BRDA:96,8,0,27
BRDA:96,8,1,0
BRF:18
BRH:11
end_of_record
TN:
SF:src/constants.ts
FNF:0
FNH:0
DA:3,1
DA:11,1
LF:2
LH:2
BRF:0
BRH:0
end_of_record
TN:
SF:src/index.tsx
FNF:0
FNH:0
DA:7,0
DA:9,0
DA:10,0
DA:13,0
DA:14,0
DA:23,0
LF:6
LH:0
BRDA:9,0,0,0
BRDA:9,0,1,0
BRF:2
BRH:0
end_of_record
TN:
SF:src/reportWebVitals.ts
FN:3,(anonymous_0)
FN:5,(anonymous_1)
FNF:2
FNH:0
FNDA:0,(anonymous_0)
FNDA:0,(anonymous_1)
DA:3,0
DA:4,0
DA:5,0
DA:6,0
DA:7,0
DA:8,0
DA:9,0
DA:10,0
LF:8
LH:0
BRDA:4,0,0,0
BRDA:4,0,1,0
BRDA:4,1,0,0
BRDA:4,1,1,0
BRF:4
BRH:0
end_of_record
TN:
SF:src/types.ts
FNF:0
FNH:0
LF:0
LH:0
BRF:0
BRH:0
end_of_record
TN:
SF:src/api/client.ts
FNF:0
FNH:0
DA:3,1
DA:5,1
DA:9,0
DA:14,1
LF:4
LH:3
BRDA:5,0,0,0
BRDA:5,0,1,1
BRDA:15,1,0,1
BRDA:15,1,1,0
BRF:4
BRH:2
end_of_record
TN:
SF:src/api/items.ts
FN:4,(anonymous_0)
FNF:1
FNH:0
FNDA:0,(anonymous_0)
DA:4,1
DA:5,0
DA:6,0
DA:11,0
DA:13,0
DA:14,0
DA:17,0
LF:7
LH:1
BRDA:5,0,0,0
BRDA:5,0,1,0
BRDA:13,1,0,0
BRDA:13,1,1,0
BRF:4
BRH:0
end_of_record
TN:
SF:src/components/CreditsBarChart.tsx
FN:18,(anonymous_0)
FNF:1
FNH:1
FNDA:6,(anonymous_0)
DA:18,1
DA:19,6
LF:2
LH:2
BRF:0
BRH:0
end_of_record
TN:
SF:src/components/ExportButton.tsx
FN:4,(anonymous_0)
FN:9,(anonymous_1)
FNF:2
FNH:1
FNDA:6,(anonymous_0)
FNDA:0,(anonymous_1)
DA:4,1
DA:5,6
DA:10,0
LF:3
LH:2
BRF:0
BRH:0
end_of_record
TN:
SF:src/components/FileUploadPanel.tsx
FN:6,(anonymous_0)
FN:10,(anonymous_1)
FN:27,(anonymous_2)
FNF:3
FNH:2
FNDA:6,(anonymous_0)
FNDA:0,(anonymous_1)
FNDA:6,(anonymous_2)
DA:6,1
DA:7,6
DA:8,6
DA:10,6
DA:11,0
DA:12,0
DA:13,0
DA:16,0
DA:17,0
DA:19,0
DA:22,0
DA:23,0
DA:27,6
DA:28,6
DA:30,0
DA:39,0
DA:46,6
DA:54,6
LF:18
LH:8
BRDA:11,0,0,0
BRDA:11,0,1,0
BRDA:11,1,0,0
BRDA:11,1,1,0
BRDA:16,2,0,0
BRDA:16,2,1,0
BRDA:28,3,0,0
BRDA:28,3,1,0
BRDA:28,3,2,6
BRF:9
BRH:1
end_of_record
TN:
SF:src/components/GPABarChart.tsx
FN:18,(anonymous_0)
FNF:1
FNH:1
FNDA:6,(anonymous_0)
DA:18,1
DA:19,6
LF:2
LH:2
BRF:0
BRH:0
end_of_record
TN:
SF:src/components/Header.tsx
FN:3,(anonymous_0)
FNF:1
FNH:1
FNDA:6,(anonymous_0)
DA:3,1
DA:4,6
LF:2
LH:2
BRF:0
BRH:0
end_of_record
TN:
SF:src/components/MajorInsights.tsx
FN:11,(anonymous_0)
FNF:1
FNH:1
FNDA:6,(anonymous_0)
DA:11,1
DA:12,6
LF:2
LH:2
BRF:0
BRH:0
end_of_record
TN:
SF:src/components/MajorSummaryTable.tsx
FN:8,(anonymous_0)
FN:44,(anonymous_1)
FNF:2
FNH:2
FNDA:6,(anonymous_0)
FNDA:26,(anonymous_1)
DA:8,1
DA:11,6
DA:45,26
LF:3
LH:3
BRF:0
BRH:0
end_of_record
TN:
SF:src/components/MetricTile.tsx
FN:10,(anonymous_0)
FNF:1
FNH:1
FNDA:27,(anonymous_0)
DA:10,1
DA:15,27
LF:2
LH:2
BRF:0
BRH:0
end_of_record
